--->[/opt/PredictionIO/bin/pio-class org.apache.predictionio.tools.console.Console deploy --pio-home /opt/PredictionIO ]
[INFO] [Runner$] Submission command: /opt/PredictionIO/vendors/spark-1.6.3-bin-hadoop2.6/bin/spark-submit --class org.apache.predictionio.workflow.CreateServer --jars file:/opt/PredictionIO/ur5/target/scala-2.10/template-scala-parallel-universal-recommendation_2.10-0.5.0.jar,file:/opt/PredictionIO/ur5/target/scala-2.10/template-scala-parallel-universal-recommendation-assembly-0.5.0-deps.jar --files file:/opt/PredictionIO/conf/log4j.properties,file:/opt/PredictionIO/vendors/hbase-1.2.2/conf/hbase-site.xml --driver-class-path /opt/PredictionIO/conf:/opt/PredictionIO/vendors/hbase-1.2.2/conf file:/opt/PredictionIO/lib/pio-assembly-0.10.0-incubating.jar --engineInstanceId AVy_670BYmdGz8Mod0ep --engine-variant file:/opt/PredictionIO/ur5/engine.json --ip 0.0.0.0 --port 8000 --event-server-ip 0.0.0.0 --event-server-port 7070 --json-extractor Both --env PIO_STORAGE_SOURCES_HBASE_TYPE=hbase,PIO_ENV_LOADED=1,PIO_STORAGE_REPOSITORIES_METADATA_NAME=pio_meta,PIO_FS_BASEDIR=/opt/PredictionIO/.pio_store,PIO_STORAGE_SOURCES_HBASE_HOME=/opt/PredictionIO/vendors/hbase-1.2.2,PIO_HOME=/opt/PredictionIO,PIO_FS_ENGINESDIR=/opt/PredictionIO/.pio_store/engines,PIO_STORAGE_SOURCES_LOCALFS_PATH=/opt/PredictionIO/.pio_store/models,PIO_STORAGE_SOURCES_ELASTICSEARCH_TYPE=elasticsearch,PIO_STORAGE_REPOSITORIES_METADATA_SOURCE=ELASTICSEARCH,PIO_STORAGE_REPOSITORIES_MODELDATA_SOURCE=LOCALFS,PIO_STORAGE_REPOSITORIES_EVENTDATA_NAME=pio_event,PIO_STORAGE_SOURCES_ELASTICSEARCH_HOME=/opt/PredictionIO/vendors/elasticsearch-1.7.5,PIO_FS_TMPDIR=/opt/PredictionIO/.pio_store/tmp,PIO_STORAGE_REPOSITORIES_MODELDATA_NAME=pio_model,PIO_STORAGE_REPOSITORIES_EVENTDATA_SOURCE=HBASE,PIO_CONF_DIR=/opt/PredictionIO/conf,PIO_STORAGE_SOURCES_LOCALFS_TYPE=localfs
[INFO] [RecommendationEngine$] 

               _   _             __  __ _
     /\       | | (_)           |  \/  | |
    /  \   ___| |_ _  ___  _ __ | \  / | |
   / /\ \ / __| __| |/ _ \| '_ \| |\/| | |
  / ____ \ (__| |_| | (_) | | | | |  | | |____
 /_/    \_\___|\__|_|\___/|_| |_|_|  |_|______|


      
[WARN] [WorkflowUtils$] Non-empty parameters supplied to org.template.Preparator, but its constructor does not accept any arguments. Stubbing with empty parameters.
[WARN] [WorkflowUtils$] Non-empty parameters supplied to org.template.Serving, but its constructor does not accept any arguments. Stubbing with empty parameters.
[WARN] [Utils] Your hostname, localhost.localdomain resolves to a loopback address: 127.0.0.1; using 192.168.129.3 instead (on interface eno16777736)
[WARN] [Utils] Set SPARK_LOCAL_IP if you need to bind to another address
[INFO] [Remoting] Starting remoting
[INFO] [Remoting] Remoting started; listening on addresses :[akka.tcp://sparkDriverActorSystem@192.168.129.3:38693]
[INFO] [URAlgorithm] 
╔════════════════════════════════════════════════════════════╗
║ Init URAlgorithm                                           ║
║ ══════════════════════════════════════════════════════════ ║
║ App name                      handmade                     ║
║ ES index name                 urindex                      ║
║ ES type name                  items                        ║
║ RecsModel                     all                          ║
║ Event names                   List(viewed, preference)     ║
║ ══════════════════════════════════════════════════════════ ║
║ Random seed                   -1074822554                  ║
║ MaxCorrelatorsPerEventType    50                           ║
║ MaxEventsPerEventType         500                          ║
║ ══════════════════════════════════════════════════════════ ║
║ User bias                     1.0                          ║
║ Item bias                     1.0                          ║
║ Max query events              100                          ║
║ Limit                         4                            ║
║ ══════════════════════════════════════════════════════════ ║
║ Rankings:                                                  ║
║ popular                       Some(popRank)                ║
╚════════════════════════════════════════════════════════════╝

[INFO] [Engine] Using persisted model
[INFO] [Engine] Loaded model org.apache.predictionio.data.storage.NullModel for algorithm org.template.URAlgorithm
[INFO] [URAlgorithm] 
╔════════════════════════════════════════════════════════════╗
║ Init URAlgorithm                                           ║
║ ══════════════════════════════════════════════════════════ ║
║ App name                      handmade                     ║
║ ES index name                 urindex                      ║
║ ES type name                  items                        ║
║ RecsModel                     all                          ║
║ Event names                   List(viewed, preference)     ║
║ ══════════════════════════════════════════════════════════ ║
║ Random seed                   -1074822367                  ║
║ MaxCorrelatorsPerEventType    50                           ║
║ MaxEventsPerEventType         500                          ║
║ ══════════════════════════════════════════════════════════ ║
║ User bias                     1.0                          ║
║ Item bias                     1.0                          ║
║ Max query events              100                          ║
║ Limit                         4                            ║
║ ══════════════════════════════════════════════════════════ ║
║ Rankings:                                                  ║
║ popular                       Some(popRank)                ║
╚════════════════════════════════════════════════════════════╝

[INFO] [MasterActor] Undeploying any existing engine instance at http://0.0.0.0:8000
[WARN] [MasterActor] Nothing at http://0.0.0.0:8000
[INFO] [HttpListener] Bound to /0.0.0.0:8000
[INFO] [MasterActor] Engine is deployed and running. Engine API is live at http://0.0.0.0:8000.
[INFO] [URAlgorithm] Query:
{"size":4,"query":{"bool":{"should":[{"terms":{"viewed":[]}},{"terms":{"preference":[]}},{"constant_score":{"filter":{"match_all":{}},"boost":0}}],"must":[{"constant_score":{"filter":{"range":{"available":{"lte":"2017-06-19T18:39:34.180+08:00"}}},"boost":0}},{"constant_score":{"filter":{"range":{"expires":{"gt":"2017-06-19T18:39:34.180+08:00"}}},"boost":0}}],"must_not":{"ids":{"values":[],"boost":0}},"minimum_should_match":1}},"sort":[{"_score":{"order":"desc"}},{"popRank":{"unmapped_type":"double","order":"desc"}}]}
[INFO] [URAlgorithm] Results: 4 retrieved of a possible 5
